[1.032s] Invoking command in '/home/ichijo/ros2_ws/src/mypkg': PYTHONPATH=/home/ichijo/ros2_ws/src/mypkg/build/mypkg/prefix_override:/usr/lib/python3/dist-packages/colcon_core/task/python/colcon_distutils_commands:/home/ichijo/ros2_ws/src/mypkg/install/mypkg/lib/python3.8/site-packages:${PYTHONPATH} /usr/bin/python3 -W ignore:setup.py install is deprecated setup.py egg_info --egg-base build/mypkg build --build-base /home/ichijo/ros2_ws/src/mypkg/build/mypkg/build install --record /home/ichijo/ros2_ws/src/mypkg/build/mypkg/install.log --install-scripts $base/lib/mypkg --single-version-externally-managed install_data
[1.327s] running egg_info
[1.328s] creating build/mypkg/mypkg.egg-info
[1.340s] writing build/mypkg/mypkg.egg-info/PKG-INFO
[1.341s] writing dependency_links to build/mypkg/mypkg.egg-info/dependency_links.txt
[1.341s] writing entry points to build/mypkg/mypkg.egg-info/entry_points.txt
[1.341s] writing requirements to build/mypkg/mypkg.egg-info/requires.txt
[1.341s] writing top-level names to build/mypkg/mypkg.egg-info/top_level.txt
[1.348s] writing manifest file 'build/mypkg/mypkg.egg-info/SOURCES.txt'
[1.389s] reading manifest file 'build/mypkg/mypkg.egg-info/SOURCES.txt'
[1.390s] writing manifest file 'build/mypkg/mypkg.egg-info/SOURCES.txt'
[1.391s] running build
[1.391s] running build_py
[1.391s] creating /home/ichijo/ros2_ws/src/mypkg/build/mypkg/build
[1.391s] creating /home/ichijo/ros2_ws/src/mypkg/build/mypkg/build/lib
[1.392s] creating /home/ichijo/ros2_ws/src/mypkg/build/mypkg/build/lib/mypkg
[1.393s] copying mypkg/__init__.py -> /home/ichijo/ros2_ws/src/mypkg/build/mypkg/build/lib/mypkg
[1.393s] copying mypkg/listener.py -> /home/ichijo/ros2_ws/src/mypkg/build/mypkg/build/lib/mypkg
[1.395s] copying mypkg/talker.py -> /home/ichijo/ros2_ws/src/mypkg/build/mypkg/build/lib/mypkg
[1.395s] running install
[1.397s] running install_lib
[1.399s] creating /home/ichijo/ros2_ws/src/mypkg/install/mypkg/lib/python3.8/site-packages/mypkg
[1.400s] copying /home/ichijo/ros2_ws/src/mypkg/build/mypkg/build/lib/mypkg/__init__.py -> /home/ichijo/ros2_ws/src/mypkg/install/mypkg/lib/python3.8/site-packages/mypkg
[1.401s] copying /home/ichijo/ros2_ws/src/mypkg/build/mypkg/build/lib/mypkg/listener.py -> /home/ichijo/ros2_ws/src/mypkg/install/mypkg/lib/python3.8/site-packages/mypkg
[1.401s] copying /home/ichijo/ros2_ws/src/mypkg/build/mypkg/build/lib/mypkg/talker.py -> /home/ichijo/ros2_ws/src/mypkg/install/mypkg/lib/python3.8/site-packages/mypkg
[1.402s] byte-compiling /home/ichijo/ros2_ws/src/mypkg/install/mypkg/lib/python3.8/site-packages/mypkg/__init__.py to __init__.cpython-38.pyc
[1.404s] byte-compiling /home/ichijo/ros2_ws/src/mypkg/install/mypkg/lib/python3.8/site-packages/mypkg/listener.py to listener.cpython-38.pyc
[1.405s] byte-compiling /home/ichijo/ros2_ws/src/mypkg/install/mypkg/lib/python3.8/site-packages/mypkg/talker.py to talker.cpython-38.pyc
[1.407s] running install_data
[1.408s] creating /home/ichijo/ros2_ws/src/mypkg/install/mypkg/share/ament_index
[1.408s] creating /home/ichijo/ros2_ws/src/mypkg/install/mypkg/share/ament_index/resource_index
[1.408s] creating /home/ichijo/ros2_ws/src/mypkg/install/mypkg/share/ament_index/resource_index/packages
[1.408s] copying resource/mypkg -> /home/ichijo/ros2_ws/src/mypkg/install/mypkg/share/ament_index/resource_index/packages
[1.408s] copying package.xml -> /home/ichijo/ros2_ws/src/mypkg/install/mypkg/share/mypkg
[1.408s] copying launch/talk_listen.launch.py -> /home/ichijo/ros2_ws/src/mypkg/install/mypkg/share/mypkg
[1.408s] running install_egg_info
[1.412s] Copying build/mypkg/mypkg.egg-info to /home/ichijo/ros2_ws/src/mypkg/install/mypkg/lib/python3.8/site-packages/mypkg-0.0.0-py3.8.egg-info
[1.413s] running install_scripts
[1.436s] Installing listener script to /home/ichijo/ros2_ws/src/mypkg/install/mypkg/lib/mypkg
[1.437s] Installing talker script to /home/ichijo/ros2_ws/src/mypkg/install/mypkg/lib/mypkg
[1.437s] writing list of installed files to '/home/ichijo/ros2_ws/src/mypkg/build/mypkg/install.log'
[1.473s] Invoked command in '/home/ichijo/ros2_ws/src/mypkg' returned '0': PYTHONPATH=/home/ichijo/ros2_ws/src/mypkg/build/mypkg/prefix_override:/usr/lib/python3/dist-packages/colcon_core/task/python/colcon_distutils_commands:/home/ichijo/ros2_ws/src/mypkg/install/mypkg/lib/python3.8/site-packages:${PYTHONPATH} /usr/bin/python3 -W ignore:setup.py install is deprecated setup.py egg_info --egg-base build/mypkg build --build-base /home/ichijo/ros2_ws/src/mypkg/build/mypkg/build install --record /home/ichijo/ros2_ws/src/mypkg/build/mypkg/install.log --install-scripts $base/lib/mypkg --single-version-externally-managed install_data
